  Source.cpp
C:\Users\ИсламовТ\source\repos\Building1\Building1\House.h(34): warning C4018: <: несоответствие типов со знаком и без знака
C:\Users\ИсламовТ\source\repos\Building1\Building1\House.h(79): warning C4018: <: несоответствие типов со знаком и без знака
C:\Users\ИсламовТ\source\repos\Building1\Building1\House.h(87): warning C4018: <: несоответствие типов со знаком и без знака
C:\Users\ИсламовТ\source\repos\Building1\Building1\House.h(100): warning C4018: <: несоответствие типов со знаком и без знака
C:\Users\ИсламовТ\source\repos\Building1\Building1\House.h(121): warning C4018: <: несоответствие типов со знаком и без знака
C:\Users\ИсламовТ\source\repos\Building1\Building1\Office.h(73): warning C4018: <: несоответствие типов со знаком и без знака
C:\Users\ИсламовТ\source\repos\Building1\Building1\Office.h(81): warning C4018: <: несоответствие типов со знаком и без знака
C:\Users\ИсламовТ\source\repos\Building1\Building1\Office.h(94): warning C4018: <: несоответствие типов со знаком и без знака
C:\Users\ИсламовТ\source\repos\Building1\Building1\Office.h(115): warning C4018: <: несоответствие типов со знаком и без знака
C:\Users\ИсламовТ\source\repos\Building1\Building1\Work.h(23): warning C4018: <: несоответствие типов со знаком и без знака
C:\Users\ИсламовТ\source\repos\Building1\Building1\Work.h(54): warning C4101: i: неиспользованная локальная переменная
C:\Users\ИсламовТ\source\repos\Building1\Building1\Work.h(172): warning C4244: аргумент: преобразование "double" в "int", возможна потеря данных
C:\Users\ИсламовТ\source\repos\Building1\Building1\Work.h(232): warning C4018: <: несоответствие типов со знаком и без знака
C:\Users\ИсламовТ\source\repos\Building1\Building1\Work.h(283): warning C4244: аргумент: преобразование "double" в "int", возможна потеря данных
C:\Users\ИсламовТ\source\repos\Building1\Building1\Work.h(364): warning C4018: <: несоответствие типов со знаком и без знака
C:\Users\ИсламовТ\source\repos\Building1\Building1\Work.h(376): warning C4018: <: несоответствие типов со знаком и без знака
C:\Users\ИсламовТ\source\repos\Building1\Building1\Office.h(78): warning C4715: Office::findMoney: значение возвращается не при всех путях выполнения
C:\Users\ИсламовТ\source\repos\Building1\Building1\House.h(105): warning C4715: House::findName: значение возвращается не при всех путях выполнения
C:\Users\ИсламовТ\source\repos\Building1\Building1\Office.h(99): warning C4715: Office::findName: значение возвращается не при всех путях выполнения
C:\Users\ИсламовТ\source\repos\Building1\Building1\House.h(84): warning C4715: House::findMoney: значение возвращается не при всех путях выполнения
C:\Users\ИсламовТ\source\repos\Building1\Building1\Work.h(237): warning C4715: Work::ShowBalance: значение возвращается не при всех путях выполнения
C:\Users\ИсламовТ\source\repos\Building1\Building1\Work.h(369): warning C4715: Work::getAccNo: значение возвращается не при всех путях выполнения
C:\Users\ИсламовТ\source\repos\Building1\Building1\Work.h(381): warning C4715: Work::getAccPIN: значение возвращается не при всех путях выполнения
  Building1.vcxproj -> C:\Users\ИсламовТ\source\repos\Building1\Debug\Building1.exe
